[16:22:08] [INIT] KubeJS 2001.6.5-build.7; MC 2001 forge
[16:22:08] [INIT] Loaded plugins:
[16:22:08] [INIT] - dev.latvian.mods.kubejs.forge.BuiltinKubeJSForgePlugin
[16:22:08] [INIT] - dev.latvian.mods.kubejs.forge.BuiltinKubeJSForgeClientPlugin
[16:22:08] [INIT] - dev.latvian.mods.kubejs.integration.forge.gamestages.GameStagesIntegration
[16:22:08] [INIT] - dev.ftb.mods.ftbxmodcompat.ftbquests.kubejs.KubeJSIntegration
[16:22:08] [INIT] - dev.ftb.mods.ftbxmodcompat.ftbteams.kubejs.FTBTeamsKubeJSPlugin
[16:22:08] [INFO] Loaded script server_scripts:block_replace.js in 0.0 s
[16:22:08] [INFO] Loaded script server_scripts:custom_equipment.js in 0.004 s
[16:22:08] [INFO] Loaded script server_scripts:custom_equipment_effect.js in 0.0 s
[16:22:08] [INFO] example.js#5: Hello, World! (Loaded server scripts)
[16:22:08] [INFO] Loaded script server_scripts:example.js in 0.001 s
[16:22:08] [INFO] Loaded script server_scripts:game_over.js in 0.0 s
[16:22:08] [INFO] Loaded script server_scripts:initial_item.js in 0.002 s
[16:22:08] [INFO] Loaded script server_scripts:inventory.js in 0.0 s
[16:22:08] [INFO] Loaded script server_scripts:item_category.js in 0.002 s
[16:22:08] [INFO] Loaded script server_scripts:rewards.js in 0.0 s
[16:22:08] [INFO] Loaded script server_scripts:way_sign.js in 0.001 s
[16:22:08] [INFO] Loaded 10/10 KubeJS server scripts in 0.016 s with 0 errors and 0 warnings
[16:22:08] [INFO] Scripts loaded
[16:22:08] [INFO] Initializing recipe event...
[16:22:08] [WARN] Due to the way Minecraft resource loading works, KubeJS' server.log may not contain everything that happened in your server scripts on initial world creation.
[16:22:08] [WARN] You can still see the full log (including past reloads) in your latest.log file.
[16:22:47] [INFO] Server resource reload complete!
