[20:12:32] [main/INFO]: ModLauncher running: args [--username, cliffpk, --version, modpack, --gameDir, C:\Users\Carli\AppData\Roaming\.minecraft\versions\modpack, --assetsDir, C:\Users\Carli\AppData\Roaming\.minecraft\assets, --assetIndex, 5, --uuid, 9c1fe7b90300413687cee10945d0cfc5, --accessToken, ❄❄❄❄❄❄❄❄, --clientId, null, --xuid, null, --userType, mojang, --versionType, release, --width, 1440, --height, 900, --launchTarget, forgeclient, --fml.forgeVersion, 47.3.0, --fml.mcVersion, 1.20.1, --fml.forgeGroup, net.minecraftforge, --fml.mcpVersion, 20230612.114412, java, -server, -Xms6G, -Xmx6G]
[20:12:32] [main/INFO]: ModLauncher 10.0.9+10.0.9+main.dcd20f30 starting: java version 17.0.8 by Microsoft; OS Windows 10 arch amd64 version 10.0
[20:12:34] [main/INFO]: Loading ImmediateWindowProvider fmlearlywindow
[20:12:34] [main/INFO]: Trying GL version 4.6
[20:12:35] [main/INFO]: Requested GL version 4.6 got version 4.6
[20:12:35] [main/INFO]: SpongePowered MIXIN Subsystem Version=0.8.5 Source=union:/C:/Users/Carli/AppData/Roaming/.minecraft/libraries/org/spongepowered/mixin/0.8.5/mixin-0.8.5.jar%23100!/ Service=ModLauncher Env=CLIENT
[20:12:35] [pool-2-thread-1/INFO]: GL info: AMD Radeon RX 5700 GL version 4.6.0 Core Profile Context 24.5.1.240502, ATI Technologies Inc.
[20:12:36] [main/INFO]: Found mod file 1.20.1-damage_number-1.2.0.jar of type MOD with provider {mods folder locator at C:\Users\Carli\AppData\Roaming\.minecraft\versions\modpack\mods}
[20:12:36] [main/INFO]: Found mod file [MC-1.20.1] Key Binding Patch v1.3.2.1 - 2024-5-26.jar of type MOD with provider {mods folder locator at C:\Users\Carli\AppData\Roaming\.minecraft\versions\modpack\mods}
[20:12:36] [main/INFO]: Found mod file aggroindicator-1.20.x-1.0.0.0.jar of type MOD with provider {mods folder locator at C:\Users\Carli\AppData\Roaming\.minecraft\versions\modpack\mods}
[20:12:36] [main/INFO]: Found mod file AI-Improvements-1.20-0.5.2.jar of type MOD with provider {mods folder locator at C:\Users\Carli\AppData\Roaming\.minecraft\versions\modpack\mods}
[20:12:36] [main/INFO]: Found mod file alexscaves-1.1.4.jar of type MOD with provider {mods folder locator at C:\Users\Carli\AppData\Roaming\.minecraft\versions\modpack\mods}
[20:12:36] [main/INFO]: Found mod file alexsmobs-1.22.8.jar of type MOD with provider {mods folder locator at C:\Users\Carli\AppData\Roaming\.minecraft\versions\modpack\mods}
[20:12:36] [main/INFO]: Found mod file AmbientSounds_FORGE_v6.0.3_mc1.20.1.jar of type MOD with provider {mods folder locator at C:\Users\Carli\AppData\Roaming\.minecraft\versions\modpack\mods}
[20:12:36] [main/INFO]: Found mod file amendments-1.20-1.1.27.jar of type MOD with provider {mods folder locator at C:\Users\Carli\AppData\Roaming\.minecraft\versions\modpack\mods}
[20:12:36] [main/INFO]: Found mod file ApothicAttributes-1.20.1-1.3.5.jar of type MOD with provider {mods folder locator at C:\Users\Carli\AppData\Roaming\.minecraft\versions\modpack\mods}
[20:12:36] [main/INFO]: Found mod file appleskin-forge-mc1.20.1-2.5.1.jar of type MOD with provider {mods folder locator at C:\Users\Carli\AppData\Roaming\.minecraft\versions\modpack\mods}
[20:12:36] [main/INFO]: Found mod file architectury-9.2.14-forge.jar of type MOD with provider {mods folder locator at C:\Users\Carli\AppData\Roaming\.minecraft\versions\modpack\mods}
[20:12:36] [main/INFO]: Found mod file armorpointspp-forge-1.20-3.1.1.jar of type MOD with provider {mods folder locator at C:\Users\Carli\AppData\Roaming\.minecraft\versions\modpack\mods}
[20:12:36] [main/INFO]: Found mod file artifacts-forge-9.5.9.jar of type MOD with provider {mods folder locator at C:\Users\Carli\AppData\Roaming\.minecraft\versions\modpack\mods}
[20:12:36] [main/INFO]: Found mod file Atlas Lib-1.20.1-1.1.12.jar of type MOD with provider {mods folder locator at C:\Users\Carli\AppData\Roaming\.minecraft\versions\modpack\mods}
[20:12:36] [main/INFO]: Found mod file AttributeFix-Forge-1.20.1-21.0.4.jar of type MOD with provider {mods folder locator at C:\Users\Carli\AppData\Roaming\.minecraft\versions\modpack\mods}
[20:12:36] [main/INFO]: Found mod file avatar_blockrestoration-1.0.3.jar of type MOD with provider {mods folder locator at C:\Users\Carli\AppData\Roaming\.minecraft\versions\modpack\mods}
[20:12:36] [main/INFO]: Found mod file BadMobs-1.20.1-19.0.4.jar of type MOD with provider {mods folder locator at C:\Users\Carli\AppData\Roaming\.minecraft\versions\modpack\mods}
[20:12:36] [main/INFO]: Found mod file balm-forge-1.20.1-7.2.2.jar of type MOD with provider {mods folder locator at C:\Users\Carli\AppData\Roaming\.minecraft\versions\modpack\mods}
[20:12:36] [main/INFO]: Found mod file bettercombat-forge-1.8.5+1.20.1.jar of type MOD with provider {mods folder locator at C:\Users\Carli\AppData\Roaming\.minecraft\versions\modpack\mods}
[20:12:36] [main/INFO]: Found mod file betterdays-1.20.1-3.1.0.4-FORGE.jar of type MOD with provider {mods folder locator at C:\Users\Carli\AppData\Roaming\.minecraft\versions\modpack\mods}
[20:12:36] [main/INFO]: Found mod file betterfpsdist-1.20.1-4.4.jar of type MOD with provider {mods folder locator at C:\Users\Carli\AppData\Roaming\.minecraft\versions\modpack\mods}
[20:12:36] [main/INFO]: Found mod file biggerstacks-1.20.1-1.0.0-all.jar of type MOD with provider {mods folder locator at C:\Users\Carli\AppData\Roaming\.minecraft\versions\modpack\mods}
[20:12:36] [main/INFO]: Found mod file blocky_siege-6.1.92-1.20.1.jar of type MOD with provider {mods folder locator at C:\Users\Carli\AppData\Roaming\.minecraft\versions\modpack\mods}
[20:12:36] [main/INFO]: Found mod file Bookshelf-Forge-1.20.1-20.1.10.jar of type MOD with provider {mods folder locator at C:\Users\Carli\AppData\Roaming\.minecraft\versions\modpack\mods}
[20:12:36] [main/INFO]: Found mod file burninthesun-forge-1.20.1-1.7.0.jar of type MOD with provider {mods folder locator at C:\Users\Carli\AppData\Roaming\.minecraft\versions\modpack\mods}
[20:12:36] [main/INFO]: Found mod file catalogue-forge-1.20.1-1.8.0.jar of type MOD with provider {mods folder locator at C:\Users\Carli\AppData\Roaming\.minecraft\versions\modpack\mods}
[20:12:36] [main/INFO]: Found mod file cc1_20_1-0.7 - 1.20.1-forge-1.20.1.jar of type MOD with provider {mods folder locator at C:\Users\Carli\AppData\Roaming\.minecraft\versions\modpack\mods}
[20:12:36] [main/INFO]: Found mod file celestial_artifacts-1.4.2.jar of type MOD with provider {mods folder locator at C:\Users\Carli\AppData\Roaming\.minecraft\versions\modpack\mods}
[20:12:36] [main/INFO]: Found mod file celestial_core-1.3.5.jar of type MOD with provider {mods folder locator at C:\Users\Carli\AppData\Roaming\.minecraft\versions\modpack\mods}
[20:12:36] [main/INFO]: Found mod file cfm-forge-1.20.1-7.0.0-pre36.jar of type MOD with provider {mods folder locator at C:\Users\Carli\AppData\Roaming\.minecraft\versions\modpack\mods}
[20:12:36] [main/INFO]: Found mod file CGM-Unofficial-1.4.17+Forge+1.20.1.jar of type MOD with provider {mods folder locator at C:\Users\Carli\AppData\Roaming\.minecraft\versions\modpack\mods}
[20:12:36] [main/INFO]: Found mod file chunksending-1.20.1-2.8.jar of type MOD with provider {mods folder locator at C:\Users\Carli\AppData\Roaming\.minecraft\versions\modpack\mods}
[20:12:36] [main/INFO]: Found mod file citadel-2.5.4-1.20.1.jar of type MOD with provider {mods folder locator at C:\Users\Carli\AppData\Roaming\.minecraft\versions\modpack\mods}
[20:12:36] [main/INFO]: Found mod file cloth-config-11.1.118-forge.jar of type MOD with provider {mods folder locator at C:\Users\Carli\AppData\Roaming\.minecraft\versions\modpack\mods}
[20:12:36] [main/INFO]: Found mod file collective-1.20.1-7.57.jar of type MOD with provider {mods folder locator at C:\Users\Carli\AppData\Roaming\.minecraft\versions\modpack\mods}
[20:12:36] [main/INFO]: Found mod file configurableextramobdrops-1.20.1-3.3.jar of type MOD with provider {mods folder locator at C:\Users\Carli\AppData\Roaming\.minecraft\versions\modpack\mods}
[20:12:36] [main/INFO]: Found mod file configured-forge-1.20.1-2.2.3.jar of type MOD with provider {mods folder locator at C:\Users\Carli\AppData\Roaming\.minecraft\versions\modpack\mods}
[20:12:36] [main/INFO]: Found mod file Connectible Chains-forge-1.20.1-1.0.0.jar of type MOD with provider {mods folder locator at C:\Users\Carli\AppData\Roaming\.minecraft\versions\modpack\mods}
[20:12:36] [main/INFO]: Found mod file Controlling-forge-1.20.1-12.0.2.jar of type MOD with provider {mods folder locator at C:\Users\Carli\AppData\Roaming\.minecraft\versions\modpack\mods}
[20:12:36] [main/INFO]: Found mod file corail_woodcutter-1.20.1-3.0.4.jar of type MOD with provider {mods folder locator at C:\Users\Carli\AppData\Roaming\.minecraft\versions\modpack\mods}
[20:12:36] [main/INFO]: Found mod file coroutil-forge-1.20.1-1.3.7.jar of type MOD with provider {mods folder locator at C:\Users\Carli\AppData\Roaming\.minecraft\versions\modpack\mods}
[20:12:36] [main/INFO]: Found mod file CraftTweaker-forge-1.20.1-14.0.40.jar of type MOD with provider {mods folder locator at C:\Users\Carli\AppData\Roaming\.minecraft\versions\modpack\mods}
[20:12:36] [main/INFO]: Found mod file crashutilities-8.1.4.jar of type MOD with provider {mods folder locator at C:\Users\Carli\AppData\Roaming\.minecraft\versions\modpack\mods}
[20:12:36] [main/INFO]: Found mod file create-1.20.1-0.5.1.f.jar of type MOD with provider {mods folder locator at C:\Users\Carli\AppData\Roaming\.minecraft\versions\modpack\mods}
[20:12:36] [main/INFO]: Found mod file create-stuff-additions1.20.1_v2.0.4a.jar of type MOD with provider {mods folder locator at C:\Users\Carli\AppData\Roaming\.minecraft\versions\modpack\mods}
[20:12:36] [main/INFO]: Found mod file createaddition-1.20.1-1.2.3.jar of type MOD with provider {mods folder locator at C:\Users\Carli\AppData\Roaming\.minecraft\versions\modpack\mods}
[20:12:36] [main/INFO]: Found mod file createdeco-2.0.2-1.20.1-forge.jar of type MOD with provider {mods folder locator at C:\Users\Carli\AppData\Roaming\.minecraft\versions\modpack\mods}
[20:12:36] [main/INFO]: Found mod file CreativeCore_FORGE_v2.11.30_mc1.20.1.jar of type MOD with provider {mods folder locator at C:\Users\Carli\AppData\Roaming\.minecraft\versions\modpack\mods}
[20:12:36] [main/INFO]: Found mod file creeperoverhaul-3.0.2-forge.jar of type MOD with provider {mods folder locator at C:\Users\Carli\AppData\Roaming\.minecraft\versions\modpack\mods}
[20:12:36] [main/INFO]: Found mod file cristellib-1.1.5-forge.jar of type MOD with provider {mods folder locator at C:\Users\Carli\AppData\Roaming\.minecraft\versions\modpack\mods}
[20:12:36] [main/INFO]: Found mod file cupboard-1.20.1-2.6.jar of type MOD with provider {mods folder locator at C:\Users\Carli\AppData\Roaming\.minecraft\versions\modpack\mods}
[20:12:36] [main/INFO]: Found mod file curios-forge-5.9.0+1.20.1.jar of type MOD with provider {mods folder locator at C:\Users\Carli\AppData\Roaming\.minecraft\versions\modpack\mods}
[20:12:36] [main/INFO]: Found mod file CuriosQuarkOBP-1.20.1-1.2.5.jar of type MOD with provider {mods folder locator at C:\Users\Carli\AppData\Roaming\.minecraft\versions\modpack\mods}
[20:12:36] [main/INFO]: Found mod file customvillagertrades-forge-20.25.0.jar of type MOD with provider {mods folder locator at C:\Users\Carli\AppData\Roaming\.minecraft\versions\modpack\mods}
[20:12:36] [main/INFO]: Found mod file damageindicator-1.0.0-1.20.1.jar of type MOD with provider {mods folder locator at C:\Users\Carli\AppData\Roaming\.minecraft\versions\modpack\mods}
[20:12:36] [main/INFO]: Found mod file damagenumbers-1.3.0-forge.jar of type MOD with provider {mods folder locator at C:\Users\Carli\AppData\Roaming\.minecraft\versions\modpack\mods}
[20:12:36] [main/INFO]: Found mod file DarkModeEverywhere-1.20.1-1.2.2.jar of type MOD with provider {mods folder locator at C:\Users\Carli\AppData\Roaming\.minecraft\versions\modpack\mods}
[20:12:36] [main/INFO]: Found mod file design_decor-0.4-1.20.1.jar of type MOD with provider {mods folder locator at C:\Users\Carli\AppData\Roaming\.minecraft\versions\modpack\mods}
[20:12:36] [main/INFO]: Found mod file Divine_Weaponry_v1.7_1.20.1.jar of type MOD with provider {mods folder locator at C:\Users\Carli\AppData\Roaming\.minecraft\versions\modpack\mods}
[20:12:36] [main/INFO]: Found mod file dummmmmmy-1.20-1.8.17b.jar of type MOD with provider {mods folder locator at C:\Users\Carli\AppData\Roaming\.minecraft\versions\modpack\mods}
[20:12:36] [main/INFO]: Found mod file DungeonsArise-1.20.x-2.1.58-release.jar of type MOD with provider {mods folder locator at C:\Users\Carli\AppData\Roaming\.minecraft\versions\modpack\mods}
[20:12:36] [main/INFO]: Found mod file DungeonsAriseSevenSeas-1.20.x-1.0.2-forge.jar of type MOD with provider {mods folder locator at C:\Users\Carli\AppData\Roaming\.minecraft\versions\modpack\mods}
[20:12:36] [main/INFO]: Found mod file dynamiclightsreforged-1.20.1_v1.6.0.jar of type MOD with provider {mods folder locator at C:\Users\Carli\AppData\Roaming\.minecraft\versions\modpack\mods}
[20:12:36] [main/INFO]: Found mod file EasyMagic-v8.0.1-1.20.1-Forge.jar of type MOD with provider {mods folder locator at C:\Users\Carli\AppData\Roaming\.minecraft\versions\modpack\mods}
[20:12:36] [main/INFO]: Found mod file eatinganimation-1.20-5.0.0.jar of type MOD with provider {mods folder locator at C:\Users\Carli\AppData\Roaming\.minecraft\versions\modpack\mods}
[20:12:36] [main/INFO]: Found mod file ecologics-forge-1.20.1-2.2.0.jar of type MOD with provider {mods folder locator at C:\Users\Carli\AppData\Roaming\.minecraft\versions\modpack\mods}
[20:12:36] [main/INFO]: Found mod file effortlessbuilding-1.20.1-3.8-all.jar of type MOD with provider {mods folder locator at C:\Users\Carli\AppData\Roaming\.minecraft\versions\modpack\mods}
[20:12:36] [main/INFO]: Found mod file embeddium-0.3.18+mc1.20.1-all.jar of type MOD with provider {mods folder locator at C:\Users\Carli\AppData\Roaming\.minecraft\versions\modpack\mods}
[20:12:36] [main/INFO]: Found mod file embeddiumextras-1.20.1-v2.0.0.jar of type MOD with provider {mods folder locator at C:\Users\Carli\AppData\Roaming\.minecraft\versions\modpack\mods}
[20:12:36] [main/INFO]: Found mod file EnchantmentDescriptions-Forge-1.20.1-17.0.14.jar of type MOD with provider {mods folder locator at C:\Users\Carli\AppData\Roaming\.minecraft\versions\modpack\mods}
[20:12:36] [main/INFO]: Found mod file EnhancedAI-2.4.7-mc1.20.1.jar of type MOD with provider {mods folder locator at C:\Users\Carli\AppData\Roaming\.minecraft\versions\modpack\mods}
[20:12:36] [main/INFO]: Found mod file EnhancedVisuals_FORGE_v1.7.2_mc1.20.1.jar of type MOD with provider {mods folder locator at C:\Users\Carli\AppData\Roaming\.minecraft\versions\modpack\mods}
[20:12:36] [main/INFO]: Found mod file entity_texture_features_forge_1.20.1-6.1.1.jar of type MOD with provider {mods folder locator at C:\Users\Carli\AppData\Roaming\.minecraft\versions\modpack\mods}
[20:12:36] [main/INFO]: Found mod file entityculling-forge-1.6.2-mc1.20.1.jar of type MOD with provider {mods folder locator at C:\Users\Carli\AppData\Roaming\.minecraft\versions\modpack\mods}
[20:12:36] [main/INFO]: Found mod file entropy-1.2.4.jar of type MOD with provider {mods folder locator at C:\Users\Carli\AppData\Roaming\.minecraft\versions\modpack\mods}
[20:12:36] [main/INFO]: Found mod file EquipmentCompare-1.20.1-forge-1.3.7.jar of type MOD with provider {mods folder locator at C:\Users\Carli\AppData\Roaming\.minecraft\versions\modpack\mods}
[20:12:36] [main/INFO]: Found mod file everycomp-1.20-2.6.57.jar of type MOD with provider {mods folder locator at C:\Users\Carli\AppData\Roaming\.minecraft\versions\modpack\mods}
[20:12:36] [main/INFO]: Found mod file expandability-9.0.4.jar of type MOD with provider {mods folder locator at C:\Users\Carli\AppData\Roaming\.minecraft\versions\modpack\mods}
[20:12:36] [main/INFO]: Found mod file expanded_ecosphere-3.2.4-forge.jar of type MOD with provider {mods folder locator at C:\Users\Carli\AppData\Roaming\.minecraft\versions\modpack\mods}
[20:12:36] [main/INFO]: Found mod file experimentalsettingsdisabler-1.20.1-3.0.jar of type MOD with provider {mods folder locator at C:\Users\Carli\AppData\Roaming\.minecraft\versions\modpack\mods}
[20:12:36] [main/INFO]: Found mod file Extra+Zombie+Drops+1.20.1+v4.jar of type MOD with provider {mods folder locator at C:\Users\Carli\AppData\Roaming\.minecraft\versions\modpack\mods}
[20:12:36] [main/INFO]: Found mod file extragore-1.20.1-5.2.0.jar of type MOD with provider {mods folder locator at C:\Users\Carli\AppData\Roaming\.minecraft\versions\modpack\mods}
[20:12:36] [main/INFO]: Found mod file FallingTree-1.20.1-4.3.4.jar of type MOD with provider {mods folder locator at C:\Users\Carli\AppData\Roaming\.minecraft\versions\modpack\mods}
[20:12:36] [main/INFO]: Found mod file fancymenu_forge_3.2.3_MC_1.20.1.jar of type MOD with provider {mods folder locator at C:\Users\Carli\AppData\Roaming\.minecraft\versions\modpack\mods}
[20:12:36] [main/INFO]: Found mod file FarmersDelight-1.20.1-1.2.4.jar of type MOD with provider {mods folder locator at C:\Users\Carli\AppData\Roaming\.minecraft\versions\modpack\mods}
[20:12:36] [main/INFO]: Found mod file farsight-1.20.1-3.6.jar of type MOD with provider {mods folder locator at C:\Users\Carli\AppData\Roaming\.minecraft\versions\modpack\mods}
[20:12:36] [main/INFO]: Found mod file farsighted-mobs-forge-1.1-1.20.1.jar of type MOD with provider {mods folder locator at C:\Users\Carli\AppData\Roaming\.minecraft\versions\modpack\mods}
[20:12:36] [main/INFO]: Found mod file fastasyncworldsave-1.20.1-2.0.jar of type MOD with provider {mods folder locator at C:\Users\Carli\AppData\Roaming\.minecraft\versions\modpack\mods}
[20:12:36] [main/INFO]: Found mod file Fastload-Reforged-mc1.20.1-3.4.0.jar of type MOD with provider {mods folder locator at C:\Users\Carli\AppData\Roaming\.minecraft\versions\modpack\mods}
[20:12:36] [main/INFO]: Found mod file ferritecore-6.0.1-forge.jar of type MOD with provider {mods folder locator at C:\Users\Carli\AppData\Roaming\.minecraft\versions\modpack\mods}
[20:12:37] [main/INFO]: Found mod file FiltPick-forge-mc1.20.1-0.0.2.jar of type MOD with provider {mods folder locator at C:\Users\Carli\AppData\Roaming\.minecraft\versions\modpack\mods}
[20:12:37] [main/INFO]: Found mod file flib-1.20.1-0.0.13.jar of type MOD with provider {mods folder locator at C:\Users\Carli\AppData\Roaming\.minecraft\versions\modpack\mods}
[20:12:37] [main/INFO]: Found mod file framework-forge-1.20.1-0.6.27.jar of type MOD with provider {mods folder locator at C:\Users\Carli\AppData\Roaming\.minecraft\versions\modpack\mods}
[20:12:37] [main/INFO]: Found mod file ftb-library-forge-2001.2.2.jar of type MOD with provider {mods folder locator at C:\Users\Carli\AppData\Roaming\.minecraft\versions\modpack\mods}
[20:12:37] [main/INFO]: Found mod file ftb-quests-forge-2001.4.6.jar of type MOD with provider {mods folder locator at C:\Users\Carli\AppData\Roaming\.minecraft\versions\modpack\mods}
[20:12:37] [main/INFO]: Found mod file ftb-teams-forge-2001.3.0.jar of type MOD with provider {mods folder locator at C:\Users\Carli\AppData\Roaming\.minecraft\versions\modpack\mods}
[20:12:37] [main/INFO]: Found mod file ftb-xmod-compat-forge-2.1.1.jar of type MOD with provider {mods folder locator at C:\Users\Carli\AppData\Roaming\.minecraft\versions\modpack\mods}
[20:12:37] [main/INFO]: Found mod file fusion-1.1.1-forge-mc1.20.1.jar of type MOD with provider {mods folder locator at C:\Users\Carli\AppData\Roaming\.minecraft\versions\modpack\mods}
[20:12:37] [main/INFO]: Found mod file GameStages-Forge-1.20.1-15.0.1.jar of type MOD with provider {mods folder locator at C:\Users\Carli\AppData\Roaming\.minecraft\versions\modpack\mods}
[20:12:37] [main/INFO]: Found mod file geckolib-forge-1.20.1-4.4.4.jar of type MOD with provider {mods folder locator at C:\Users\Carli\AppData\Roaming\.minecraft\versions\modpack\mods}
[20:12:37] [main/INFO]: Found mod file GlobalGameRules-1.20-8.0.0.11.jar of type MOD with provider {mods folder locator at C:\Users\Carli\AppData\Roaming\.minecraft\versions\modpack\mods}
[20:12:37] [main/INFO]: Found mod file gml-4.0.9-all.jar of type LANGPROVIDER with provider {mods folder locator at C:\Users\Carli\AppData\Roaming\.minecraft\versions\modpack\mods}
[20:12:37] [main/INFO]: Found mod file goblins_tyranny-1.1.0-forge-1.20.1.jar of type MOD with provider {mods folder locator at C:\Users\Carli\AppData\Roaming\.minecraft\versions\modpack\mods}
[20:12:37] [main/INFO]: Found mod file gpumemleakfix-1.20.1-1.8.jar of type MOD with provider {mods folder locator at C:\Users\Carli\AppData\Roaming\.minecraft\versions\modpack\mods}
[20:12:37] [main/INFO]: Found mod file grappling_hook_mod-1.20.1-1.20.1-v13.jar of type MOD with provider {mods folder locator at C:\Users\Carli\AppData\Roaming\.minecraft\versions\modpack\mods}
[20:12:37] [main/INFO]: Found mod file gravestone-forge-1.20.1-1.0.15.jar of type MOD with provider {mods folder locator at C:\Users\Carli\AppData\Roaming\.minecraft\versions\modpack\mods}
[20:12:37] [main/INFO]: Found mod file guardvillagers-1.20.1-1.6.5.jar of type MOD with provider {mods folder locator at C:\Users\Carli\AppData\Roaming\.minecraft\versions\modpack\mods}
[20:12:37] [main/INFO]: Found mod file Guide-API-VP-1.20.1-2.2.6.jar of type MOD with provider {mods folder locator at C:\Users\Carli\AppData\Roaming\.minecraft\versions\modpack\mods}
[20:12:37] [main/INFO]: Found mod file handcrafted-forge-1.20.1-3.0.6.jar of type MOD with provider {mods folder locator at C:\Users\Carli\AppData\Roaming\.minecraft\versions\modpack\mods}
[20:12:37] [main/INFO]: Found mod file healthcommand-forge-1.20.1-1.3.jar of type MOD with provider {mods folder locator at C:\Users\Carli\AppData\Roaming\.minecraft\versions\modpack\mods}
[20:12:37] [main/INFO]: Found mod file hiddenrecipebook-1.20.1-4.6.jar of type MOD with provider {mods folder locator at C:\Users\Carli\AppData\Roaming\.minecraft\versions\modpack\mods}
[20:12:37] [main/INFO]: Found mod file Iceberg-1.20.1-forge-1.1.21.jar of type MOD with provider {mods folder locator at C:\Users\Carli\AppData\Roaming\.minecraft\versions\modpack\mods}
[20:12:37] [main/INFO]: Found mod file iChunUtil-1.20.1-Forge-1.0.0.jar of type MOD with provider {mods folder locator at C:\Users\Carli\AppData\Roaming\.minecraft\versions\modpack\mods}
[20:12:37] [main/INFO]: Found mod file improvedmobs-1.20.1-1.12.4-forge.jar of type MOD with provider {mods folder locator at C:\Users\Carli\AppData\Roaming\.minecraft\versions\modpack\mods}
[20:12:37] [main/INFO]: Found mod file Incendium_1.20.x_v5.3.5.jar of type MOD with provider {mods folder locator at C:\Users\Carli\AppData\Roaming\.minecraft\versions\modpack\mods}
[20:12:37] [main/INFO]: Found mod file incontrol-1.20-9.2.5.jar of type MOD with provider {mods folder locator at C:\Users\Carli\AppData\Roaming\.minecraft\versions\modpack\mods}
[20:12:37] [main/INFO]: Found mod file InsaneLib-1.13.4-mc1.20.1.jar of type MOD with provider {mods folder locator at C:\Users\Carli\AppData\Roaming\.minecraft\versions\modpack\mods}
[20:12:37] [main/INFO]: Found mod file interiors-0.5.3+forge-mc1.20.1.jar of type MOD with provider {mods folder locator at C:\Users\Carli\AppData\Roaming\.minecraft\versions\modpack\mods}
[20:12:37] [main/INFO]: Found mod file inventorio-mc1.20.1-forge-v1.10.3.jar of type MOD with provider {mods folder locator at C:\Users\Carli\AppData\Roaming\.minecraft\versions\modpack\mods}
[20:12:37] [main/INFO]: Found mod file inventoryhud.forge.1.20.1-3.4.22.jar of type MOD with provider {mods folder locator at C:\Users\Carli\AppData\Roaming\.minecraft\versions\modpack\mods}
[20:12:37] [main/INFO]: Found mod file InventoryProfilesNext-forge-1.20-1.10.10.jar of type MOD with provider {mods folder locator at C:\Users\Carli\AppData\Roaming\.minecraft\versions\modpack\mods}
[20:12:37] [main/INFO]: Found mod file ironchest-1.20.1-14.4.4.jar of type MOD with provider {mods folder locator at C:\Users\Carli\AppData\Roaming\.minecraft\versions\modpack\mods}
[20:12:37] [main/INFO]: Found mod file ItemNBTViewer-Forge-1.20-1.0.2.jar of type MOD with provider {mods folder locator at C:\Users\Carli\AppData\Roaming\.minecraft\versions\modpack\mods}
[20:12:37] [main/INFO]: Found mod file Jade-1.20.1-forge-11.9.4.jar of type MOD with provider {mods folder locator at C:\Users\Carli\AppData\Roaming\.minecraft\versions\modpack\mods}
[20:12:37] [main/INFO]: Found mod file JadeAddons-1.20.1-forge-5.2.2.jar of type MOD with provider {mods folder locator at C:\Users\Carli\AppData\Roaming\.minecraft\versions\modpack\mods}
[20:12:37] [main/INFO]: Found mod file jeed-1.20-2.1.12.jar of type MOD with provider {mods folder locator at C:\Users\Carli\AppData\Roaming\.minecraft\versions\modpack\mods}
[20:12:37] [main/INFO]: Found mod file jei-1.20.1-forge-15.3.0.4.jar of type MOD with provider {mods folder locator at C:\Users\Carli\AppData\Roaming\.minecraft\versions\modpack\mods}
[20:12:37] [main/INFO]: Found mod file JustEnoughResources-1.20.1-1.4.0.247.jar of type MOD with provider {mods folder locator at C:\Users\Carli\AppData\Roaming\.minecraft\versions\modpack\mods}
[20:12:37] [main/INFO]: Found mod file justzoom_forge_1.0.2_MC_1.20.1.jar of type MOD with provider {mods folder locator at C:\Users\Carli\AppData\Roaming\.minecraft\versions\modpack\mods}
[20:12:37] [main/INFO]: Found mod file konkrete_forge_1.8.0_MC_1.20-1.20.1.jar of type MOD with provider {mods folder locator at C:\Users\Carli\AppData\Roaming\.minecraft\versions\modpack\mods}
[20:12:37] [main/INFO]: Found mod file kotlinforforge-4.10.0-all.jar of type LIBRARY with provider {mods folder locator at C:\Users\Carli\AppData\Roaming\.minecraft\versions\modpack\mods}
[20:12:37] [main/INFO]: Found mod file kubejs-forge-2001.6.5-build.7.jar of type MOD with provider {mods folder locator at C:\Users\Carli\AppData\Roaming\.minecraft\versions\modpack\mods}
[20:12:37] [main/INFO]: Found mod file lanserverproperties-1.11.1-forge.jar of type MOD with provider {mods folder locator at C:\Users\Carli\AppData\Roaming\.minecraft\versions\modpack\mods}
[20:12:37] [main/INFO]: Found mod file leawind_third_person-v2.0.8-beta.5-mc1.20.1-forge.jar of type MOD with provider {mods folder locator at C:\Users\Carli\AppData\Roaming\.minecraft\versions\modpack\mods}
[20:12:37] [main/INFO]: Found mod file letmedespawn-forge-1.20.x-1.2.0.jar of type MOD with provider {mods folder locator at C:\Users\Carli\AppData\Roaming\.minecraft\versions\modpack\mods}
[20:12:37] [main/INFO]: Found mod file libIPN-forge-1.20-4.0.2.jar of type MOD with provider {mods folder locator at C:\Users\Carli\AppData\Roaming\.minecraft\versions\modpack\mods}
[20:12:37] [main/INFO]: Found mod file libraryferret-forge-1.20.1-4.0.0.jar of type MOD with provider {mods folder locator at C:\Users\Carli\AppData\Roaming\.minecraft\versions\modpack\mods}
[20:12:37] [main/INFO]: Found mod file limitedchunks-1.20.1-4.1.jar of type MOD with provider {mods folder locator at C:\Users\Carli\AppData\Roaming\.minecraft\versions\modpack\mods}
[20:12:37] [main/INFO]: Found mod file Log-Begone-Forge-1.20.1-1.0.8.jar of type MOD with provider {mods folder locator at C:\Users\Carli\AppData\Roaming\.minecraft\versions\modpack\mods}
[20:12:37] [main/INFO]: Found mod file looot-1.20.1-1.2.0.4.jar of type MOD with provider {mods folder locator at C:\Users\Carli\AppData\Roaming\.minecraft\versions\modpack\mods}
[20:12:37] [main/INFO]: Found mod file lootintegrations-1.20.1-3.7.jar of type MOD with provider {mods folder locator at C:\Users\Carli\AppData\Roaming\.minecraft\versions\modpack\mods}
[20:12:37] [main/INFO]: Found mod file lrarmor-1.20.1-0.1.1.jar of type MOD with provider {mods folder locator at C:\Users\Carli\AppData\Roaming\.minecraft\versions\modpack\mods}
[20:12:37] [main/INFO]: Found mod file marbledsapi-1.20.1-1.0.7.jar of type MOD with provider {mods folder locator at C:\Users\Carli\AppData\Roaming\.minecraft\versions\modpack\mods}
[20:12:37] [main/INFO]: Found mod file marbledsarsenal-1.20.1-2.1.1.jar of type MOD with provider {mods folder locator at C:\Users\Carli\AppData\Roaming\.minecraft\versions\modpack\mods}
[20:12:37] [main/INFO]: Found mod file melody_forge_1.0.3_MC_1.20.1-1.20.4.jar of type MOD with provider {mods folder locator at C:\Users\Carli\AppData\Roaming\.minecraft\versions\modpack\mods}
[20:12:37] [main/INFO]: Found mod file memorysettings-1.20.1-5.4.jar of type MOD with provider {mods folder locator at C:\Users\Carli\AppData\Roaming\.minecraft\versions\modpack\mods}
[20:12:37] [main/INFO]: Found mod file MerchantMarkers-1.20.1-forge-1.3.3.jar of type MOD with provider {mods folder locator at C:\Users\Carli\AppData\Roaming\.minecraft\versions\modpack\mods}
[20:12:37] [main/INFO]: Found mod file MobsPropertiesRandomness-4.10.8-mc1.20.1.jar of type MOD with provider {mods folder locator at C:\Users\Carli\AppData\Roaming\.minecraft\versions\modpack\mods}
[20:12:37] [main/INFO]: Found mod file modernfix-forge-5.17.0+mc1.20.1.jar of type MOD with provider {mods folder locator at C:\Users\Carli\AppData\Roaming\.minecraft\versions\modpack\mods}
[20:12:37] [main/INFO]: Found mod file moonlight-1.20-2.11.17-forge.jar of type MOD with provider {mods folder locator at C:\Users\Carli\AppData\Roaming\.minecraft\versions\modpack\mods}
[20:12:37] [main/INFO]: Found mod file MoreMobGriefingOptions-1.20.1-2.0.4.jar of type MOD with provider {mods folder locator at C:\Users\Carli\AppData\Roaming\.minecraft\versions\modpack\mods}
[20:12:37] [main/INFO]: Found mod file MorePlayerModels-1.20.1.20240409.jar of type MOD with provider {mods folder locator at C:\Users\Carli\AppData\Roaming\.minecraft\versions\modpack\mods}
[20:12:37] [main/INFO]: Found mod file MouseTweaks-forge-mc1.20.1-2.25.1.jar of type MOD with provider {mods folder locator at C:\Users\Carli\AppData\Roaming\.minecraft\versions\modpack\mods}
[20:12:37] [main/INFO]: Found mod file multimine-1.20.1.4.jar of type MOD with provider {mods folder locator at C:\Users\Carli\AppData\Roaming\.minecraft\versions\modpack\mods}
[20:12:37] [main/INFO]: Found mod file MultiplayerServerPause-1.20.1-Forge-1.3.0.jar of type MOD with provider {mods folder locator at C:\Users\Carli\AppData\Roaming\.minecraft\versions\modpack\mods}
[20:12:37] [main/INFO]: Found mod file MutantMonsters-v8.0.7-1.20.1-Forge.jar of type MOD with provider {mods folder locator at C:\Users\Carli\AppData\Roaming\.minecraft\versions\modpack\mods}
[20:12:37] [main/INFO]: Found mod file Mutants Buff 1.5.3 - 1.20.1.jar of type MOD with provider {mods folder locator at C:\Users\Carli\AppData\Roaming\.minecraft\versions\modpack\mods}
[20:12:37] [main/INFO]: Found mod file Nameless Trinkets-1.20.1-1.7.8.jar of type MOD with provider {mods folder locator at C:\Users\Carli\AppData\Roaming\.minecraft\versions\modpack\mods}
[20:12:37] [main/INFO]: Found mod file Necronomicon-Forge-1.4.2.jar of type MOD with provider {mods folder locator at C:\Users\Carli\AppData\Roaming\.minecraft\versions\modpack\mods}
[20:12:37] [main/INFO]: Found mod file notenoughanimations-forge-1.7.3-mc1.20.1.jar of type MOD with provider {mods folder locator at C:\Users\Carli\AppData\Roaming\.minecraft\versions\modpack\mods}
[20:12:37] [main/INFO]: Found mod file notenoughcrashes-4.4.7+1.20.1-forge.jar of type MOD with provider {mods folder locator at C:\Users\Carli\AppData\Roaming\.minecraft\versions\modpack\mods}
[20:12:37] [main/INFO]: Found mod file nyfsspiders-forge-1.20.1-2.1.1.jar of type MOD with provider {mods folder locator at C:\Users\Carli\AppData\Roaming\.minecraft\versions\modpack\mods}
[20:12:37] [main/INFO]: Found mod file observable-4.4.1.jar of type MOD with provider {mods folder locator at C:\Users\Carli\AppData\Roaming\.minecraft\versions\modpack\mods}
[20:12:37] [main/INFO]: Found mod file octolib-1.20.1-0.3.jar of type MOD with provider {mods folder locator at C:\Users\Carli\AppData\Roaming\.minecraft\versions\modpack\mods}
[20:12:37] [main/INFO]: Found mod file oculus-mc1.20.1-1.7.0.jar of type MOD with provider {mods folder locator at C:\Users\Carli\AppData\Roaming\.minecraft\versions\modpack\mods}
[20:12:37] [main/INFO]: Found mod file packetfixer-forge-1.4.2-1.19-to-1.20.1.jar of type MOD with provider {mods folder locator at C:\Users\Carli\AppData\Roaming\.minecraft\versions\modpack\mods}
[20:12:37] [main/INFO]: Found mod file ParCool-1.20.1-3.2.1.2-R.jar of type MOD with provider {mods folder locator at C:\Users\Carli\AppData\Roaming\.minecraft\versions\modpack\mods}
[20:12:37] [main/INFO]: Found mod file Patchouli-1.20.1-84-FORGE.jar of type MOD with provider {mods folder locator at C:\Users\Carli\AppData\Roaming\.minecraft\versions\modpack\mods}
[20:12:37] [main/INFO]: Found mod file Paxi-1.20-Forge-4.0.jar of type MOD with provider {mods folder locator at C:\Users\Carli\AppData\Roaming\.minecraft\versions\modpack\mods}
[20:12:37] [main/INFO]: Found mod file PickUpNotifier-v8.0.0-1.20.1-Forge.jar of type MOD with provider {mods folder locator at C:\Users\Carli\AppData\Roaming\.minecraft\versions\modpack\mods}
[20:12:37] [main/INFO]: Found mod file Placebo-1.20.1-8.6.1.jar of type MOD with provider {mods folder locator at C:\Users\Carli\AppData\Roaming\.minecraft\versions\modpack\mods}
[20:12:37] [main/INFO]: Found mod file player-animation-lib-forge-1.0.2-rc1+1.20.jar of type MOD with provider {mods folder locator at C:\Users\Carli\AppData\Roaming\.minecraft\versions\modpack\mods}
[20:12:37] [main/INFO]: Found mod file PlayerMobs-1.20-4.0.0.33.jar of type MOD with provider {mods folder locator at C:\Users\Carli\AppData\Roaming\.minecraft\versions\modpack\mods}
[20:12:37] [main/INFO]: Found mod file polytone-1.20-1.18.2.jar of type MOD with provider {mods folder locator at C:\Users\Carli\AppData\Roaming\.minecraft\versions\modpack\mods}
[20:12:37] [main/INFO]: Found mod file PresenceFootsteps-1.20.1-1.9.1-beta.1.jar of type MOD with provider {mods folder locator at C:\Users\Carli\AppData\Roaming\.minecraft\versions\modpack\mods}
[20:12:37] [main/INFO]: Found mod file Public GUI Announcement-neoforge-1.20.1-5.0.0.jar of type MOD with provider {mods folder locator at C:\Users\Carli\AppData\Roaming\.minecraft\versions\modpack\mods}
[20:12:37] [main/INFO]: Found mod file puffish_skills-0.12.2-1.20-forge.jar of type MOD with provider {mods folder locator at C:\Users\Carli\AppData\Roaming\.minecraft\versions\modpack\mods}
[20:12:37] [main/INFO]: Found mod file PuzzlesLib-v8.1.18-1.20.1-Forge.jar of type MOD with provider {mods folder locator at C:\Users\Carli\AppData\Roaming\.minecraft\versions\modpack\mods}
[20:12:37] [main/INFO]: Found mod file Quark-4.0-455.jar of type MOD with provider {mods folder locator at C:\Users\Carli\AppData\Roaming\.minecraft\versions\modpack\mods}
[20:12:37] [main/INFO]: Found mod file QuarkOddities-1.20.1.jar of type MOD with provider {mods folder locator at C:\Users\Carli\AppData\Roaming\.minecraft\versions\modpack\mods}
[20:12:37] [main/INFO]: Found mod file realmrpg_fallen_adventurers_1.0.3_forge_1.20.1.jar of type MOD with provider {mods folder locator at C:\Users\Carli\AppData\Roaming\.minecraft\versions\modpack\mods}
[20:12:37] [main/INFO]: Found mod file realmrpg_imps_and_demons_0.9.0_forge_1.20.1.jar of type MOD with provider {mods folder locator at C:\Users\Carli\AppData\Roaming\.minecraft\versions\modpack\mods}
[20:12:37] [main/INFO]: Found mod file redstonepen-1.20.1-forge-1.3.20.jar of type MOD with provider {mods folder locator at C:\Users\Carli\AppData\Roaming\.minecraft\versions\modpack\mods}
[20:12:37] [main/INFO]: Found mod file repair_kits-2.0-forge-1.20.1.jar of type MOD with provider {mods folder locator at C:\Users\Carli\AppData\Roaming\.minecraft\versions\modpack\mods}
[20:12:37] [main/INFO]: Found mod file repurposed_structures-7.1.15+1.20.1-forge.jar of type MOD with provider {mods folder locator at C:\Users\Carli\AppData\Roaming\.minecraft\versions\modpack\mods}
[20:12:37] [main/INFO]: Found mod file resourcefulconfig-forge-1.20.1-2.1.2.jar of type MOD with provider {mods folder locator at C:\Users\Carli\AppData\Roaming\.minecraft\versions\modpack\mods}
[20:12:38] [main/INFO]: Found mod file resourcefullib-forge-1.20.1-2.1.25.jar of type MOD with provider {mods folder locator at C:\Users\Carli\AppData\Roaming\.minecraft\versions\modpack\mods}
[20:12:38] [main/INFO]: Found mod file rhino-forge-2001.2.2-build.18.jar of type MOD with provider {mods folder locator at C:\Users\Carli\AppData\Roaming\.minecraft\versions\modpack\mods}
[20:12:38] [main/INFO]: Found mod file riskofrain_items-0.1.jar of type MOD with provider {mods folder locator at C:\Users\Carli\AppData\Roaming\.minecraft\versions\modpack\mods}
[20:12:38] [main/INFO]: Found mod file riskofrain_mobs-1.20.1-1.1.2.jar of type MOD with provider {mods folder locator at C:\Users\Carli\AppData\Roaming\.minecraft\versions\modpack\mods}
[20:12:38] [main/INFO]: Found mod file screenshot-to-clipboard-1.0.9-forge.jar of type MOD with provider {mods folder locator at C:\Users\Carli\AppData\Roaming\.minecraft\versions\modpack\mods}
[20:12:38] [main/INFO]: Found mod file Searchables-forge-1.20.1-1.0.3.jar of type MOD with provider {mods folder locator at C:\Users\Carli\AppData\Roaming\.minecraft\versions\modpack\mods}
[20:12:38] [main/INFO]: Found mod file Shut Up GL Error-forge-1.20.1-1.0.0.jar of type MOD with provider {mods folder locator at C:\Users\Carli\AppData\Roaming\.minecraft\versions\modpack\mods}
[20:12:38] [main/INFO]: Found mod file silent-lib-1.20.1-8.0.0.jar of type MOD with provider {mods folder locator at C:\Users\Carli\AppData\Roaming\.minecraft\versions\modpack\mods}
[20:12:38] [main/INFO]: Found mod file slotify-1.20-1.20.jar of type MOD with provider {mods folder locator at C:\Users\Carli\AppData\Roaming\.minecraft\versions\modpack\mods}
[20:12:38] [main/INFO]: Found mod file smoothchunk-1.20.1-3.6.jar of type MOD with provider {mods folder locator at C:\Users\Carli\AppData\Roaming\.minecraft\versions\modpack\mods}
[20:12:38] [main/INFO]: Found mod file sound-physics-remastered-forge-1.20.1-1.4.2.jar of type MOD with provider {mods folder locator at C:\Users\Carli\AppData\Roaming\.minecraft\versions\modpack\mods}
[20:12:38] [main/INFO]: Found mod file spark-1.10.53-forge.jar of type MOD with provider {mods folder locator at C:\Users\Carli\AppData\Roaming\.minecraft\versions\modpack\mods}
[20:12:38] [main/INFO]: Found mod file Special Drops 1.0.0 - 1.20.1.jar of type MOD with provider {mods folder locator at C:\Users\Carli\AppData\Roaming\.minecraft\versions\modpack\mods}
[20:12:38] [main/INFO]: Found mod file spelunkers_charm-3.6.0-1.20.1.jar of type MOD with provider {mods folder locator at C:\Users\Carli\AppData\Roaming\.minecraft\versions\modpack\mods}
[20:12:38] [main/INFO]: Found mod file structureessentials-1.20.1-3.4.jar of type MOD with provider {mods folder locator at C:\Users\Carli\AppData\Roaming\.minecraft\versions\modpack\mods}
[20:12:38] [main/INFO]: Found mod file SuggestionProviderFix-1.20.1-1.0.0.jar of type MOD with provider {mods folder locator at C:\Users\Carli\AppData\Roaming\.minecraft\versions\modpack\mods}
[20:12:38] [main/INFO]: Found mod file supplementaries-1.20-2.8.10.jar of type MOD with provider {mods folder locator at C:\Users\Carli\AppData\Roaming\.minecraft\versions\modpack\mods}
[20:12:38] [main/INFO]: Found mod file tenshilib-1.20.1-1.7.6-forge.jar of type MOD with provider {mods folder locator at C:\Users\Carli\AppData\Roaming\.minecraft\versions\modpack\mods}
[20:12:38] [main/INFO]: Found mod file TerraBlender-forge-1.20.1-3.0.1.6.jar of type MOD with provider {mods folder locator at C:\Users\Carli\AppData\Roaming\.minecraft\versions\modpack\mods}
[20:12:38] [main/INFO]: Found mod file The-Hordes-1.20.1-1.5.3a.jar of type MOD with provider {mods folder locator at C:\Users\Carli\AppData\Roaming\.minecraft\versions\modpack\mods}
[20:12:38] [main/INFO]: Found mod file torchmaster-20.1.6.jar of type MOD with provider {mods folder locator at C:\Users\Carli\AppData\Roaming\.minecraft\versions\modpack\mods}
[20:12:38] [main/INFO]: Found mod file torohealth-1.20-forge-4.jar of type MOD with provider {mods folder locator at C:\Users\Carli\AppData\Roaming\.minecraft\versions\modpack\mods}
[20:12:38] [main/INFO]: Found mod file Towns-and-Towers-1.12-Fabric+Forge.jar of type MOD with provider {mods folder locator at C:\Users\Carli\AppData\Roaming\.minecraft\versions\modpack\mods}
[20:12:38] [main/INFO]: Found mod file Trajectory Preview-6.0.3-1.20.1.jar of type MOD with provider {mods folder locator at C:\Users\Carli\AppData\Roaming\.minecraft\versions\modpack\mods}
[20:12:38] [main/INFO]: Found mod file trashslot-forge-1.20-15.1.0.jar of type MOD with provider {mods folder locator at C:\Users\Carli\AppData\Roaming\.minecraft\versions\modpack\mods}
[20:12:38] [main/INFO]: Found mod file TravelersTitles-1.20-Forge-4.0.2.jar of type MOD with provider {mods folder locator at C:\Users\Carli\AppData\Roaming\.minecraft\versions\modpack\mods}
[20:12:38] [main/INFO]: Found mod file twilightforest-1.20.1-4.3.2145-universal.jar of type MOD with provider {mods folder locator at C:\Users\Carli\AppData\Roaming\.minecraft\versions\modpack\mods}
[20:12:38] [main/INFO]: Found mod file Unhealthy-Dying-1.20-2.1.4.jar of type MOD with provider {mods folder locator at C:\Users\Carli\AppData\Roaming\.minecraft\versions\modpack\mods}
[20:12:38] [main/INFO]: Found mod file villagersrespawn-1.20-46.7.0.jar of type MOD with provider {mods folder locator at C:\Users\Carli\AppData\Roaming\.minecraft\versions\modpack\mods}
[20:12:38] [main/INFO]: Found mod file VTweaks-1.20.1-4.0.13.fix1.jar of type MOD with provider {mods folder locator at C:\Users\Carli\AppData\Roaming\.minecraft\versions\modpack\mods}
[20:12:38] [main/INFO]: Found mod file waystones-forge-1.20-14.1.3.jar of type MOD with provider {mods folder locator at C:\Users\Carli\AppData\Roaming\.minecraft\versions\modpack\mods}
[20:12:38] [main/INFO]: Found mod file Wegotrunners0.6b1.20.1[CONFIG FILE UPDATE].jar of type MOD with provider {mods folder locator at C:\Users\Carli\AppData\Roaming\.minecraft\versions\modpack\mods}
[20:12:38] [main/INFO]: Found mod file Wesley's+Roguelike+Dungeons+1.20.1-2.3.2.jar of type MOD with provider {mods folder locator at C:\Users\Carli\AppData\Roaming\.minecraft\versions\modpack\mods}
[20:12:38] [main/INFO]: Found mod file wits-1.1.0+1.20.1-forge.jar of type MOD with provider {mods folder locator at C:\Users\Carli\AppData\Roaming\.minecraft\versions\modpack\mods}
[20:12:38] [main/INFO]: Found mod file woodenhopper-1.20.1-1.6.0.1.jar of type MOD with provider {mods folder locator at C:\Users\Carli\AppData\Roaming\.minecraft\versions\modpack\mods}
[20:12:38] [main/INFO]: Found mod file World Stripper-1.20-3.3.0.jar of type MOD with provider {mods folder locator at C:\Users\Carli\AppData\Roaming\.minecraft\versions\modpack\mods}
[20:12:38] [main/INFO]: Found mod file world_of_rot-0.1.3-1.20.1.jar of type MOD with provider {mods folder locator at C:\Users\Carli\AppData\Roaming\.minecraft\versions\modpack\mods}
[20:12:38] [main/INFO]: Found mod file worldgenrevisited-experimental-forge-1.20.1-0.4.4.jar of type MOD with provider {mods folder locator at C:\Users\Carli\AppData\Roaming\.minecraft\versions\modpack\mods}
[20:12:38] [main/INFO]: Found mod file XaeroPlus-2.14+forge-1.20.1-WM1.38.8-MM24.2.0.jar of type MOD with provider {mods folder locator at C:\Users\Carli\AppData\Roaming\.minecraft\versions\modpack\mods}
[20:12:38] [main/INFO]: Found mod file Xaeros_Minimap_24.2.0_Forge_1.20.jar of type MOD with provider {mods folder locator at C:\Users\Carli\AppData\Roaming\.minecraft\versions\modpack\mods}
[20:12:38] [main/INFO]: Found mod file XaerosWorldMap_1.38.8_Forge_1.20.jar of type MOD with provider {mods folder locator at C:\Users\Carli\AppData\Roaming\.minecraft\versions\modpack\mods}
[20:12:38] [main/INFO]: Found mod file YungsApi-1.20-Forge-4.0.4.jar of type MOD with provider {mods folder locator at C:\Users\Carli\AppData\Roaming\.minecraft\versions\modpack\mods}
[20:12:38] [main/INFO]: Found mod file YungsBetterDesertTemples-1.20-Forge-3.0.3.jar of type MOD with provider {mods folder locator at C:\Users\Carli\AppData\Roaming\.minecraft\versions\modpack\mods}
[20:12:38] [main/INFO]: Found mod file YungsBetterDungeons-1.20-Forge-4.0.4.jar of type MOD with provider {mods folder locator at C:\Users\Carli\AppData\Roaming\.minecraft\versions\modpack\mods}
[20:12:38] [main/INFO]: Found mod file YungsBetterEndIsland-1.20-Forge-2.0.6.jar of type MOD with provider {mods folder locator at C:\Users\Carli\AppData\Roaming\.minecraft\versions\modpack\mods}
[20:12:38] [main/INFO]: Found mod file YungsBetterJungleTemples-1.20-Forge-2.0.4.jar of type MOD with provider {mods folder locator at C:\Users\Carli\AppData\Roaming\.minecraft\versions\modpack\mods}
[20:12:38] [main/INFO]: Found mod file YungsBetterMineshafts-1.20-Forge-4.0.4.jar of type MOD with provider {mods folder locator at C:\Users\Carli\AppData\Roaming\.minecraft\versions\modpack\mods}
[20:12:38] [main/INFO]: Found mod file YungsBetterNetherFortresses-1.20-Forge-2.0.6.jar of type MOD with provider {mods folder locator at C:\Users\Carli\AppData\Roaming\.minecraft\versions\modpack\mods}
[20:12:38] [main/INFO]: Found mod file YungsBetterOceanMonuments-1.20-Forge-3.0.4.jar of type MOD with provider {mods folder locator at C:\Users\Carli\AppData\Roaming\.minecraft\versions\modpack\mods}
[20:12:38] [main/INFO]: Found mod file YungsBetterStrongholds-1.20-Forge-4.0.3.jar of type MOD with provider {mods folder locator at C:\Users\Carli\AppData\Roaming\.minecraft\versions\modpack\mods}
[20:12:38] [main/INFO]: Found mod file YungsBetterWitchHuts-1.20-Forge-3.0.3.jar of type MOD with provider {mods folder locator at C:\Users\Carli\AppData\Roaming\.minecraft\versions\modpack\mods}
[20:12:38] [main/INFO]: Found mod file YungsBridges-1.20-Forge-4.0.3.jar of type MOD with provider {mods folder locator at C:\Users\Carli\AppData\Roaming\.minecraft\versions\modpack\mods}
[20:12:38] [main/INFO]: Found mod file YungsExtras-1.20-Forge-4.0.3.jar of type MOD with provider {mods folder locator at C:\Users\Carli\AppData\Roaming\.minecraft\versions\modpack\mods}
[20:12:38] [main/INFO]: Found mod file Zeta-1.0-16.jar of type MOD with provider {mods folder locator at C:\Users\Carli\AppData\Roaming\.minecraft\versions\modpack\mods}
[20:12:38] [main/INFO]: Found mod file Zombie Extreme 1.20.1 0.2.4.jar of type MOD with provider {mods folder locator at C:\Users\Carli\AppData\Roaming\.minecraft\versions\modpack\mods}
[20:12:38] [main/INFO]: Found mod file zombieawareness-1.20.1-1.13.1_custom.jar of type MOD with provider {mods folder locator at C:\Users\Carli\AppData\Roaming\.minecraft\versions\modpack\mods}
[20:12:38] [main/WARN]: Mod file C:\Users\Carli\AppData\Roaming\.minecraft\libraries\net\minecraftforge\fmlcore\1.20.1-47.3.0\fmlcore-1.20.1-47.3.0.jar is missing mods.toml file
[20:12:38] [main/WARN]: Mod file C:\Users\Carli\AppData\Roaming\.minecraft\libraries\net\minecraftforge\javafmllanguage\1.20.1-47.3.0\javafmllanguage-1.20.1-47.3.0.jar is missing mods.toml file
[20:12:38] [main/WARN]: Mod file C:\Users\Carli\AppData\Roaming\.minecraft\libraries\net\minecraftforge\lowcodelanguage\1.20.1-47.3.0\lowcodelanguage-1.20.1-47.3.0.jar is missing mods.toml file
[20:12:38] [main/WARN]: Mod file C:\Users\Carli\AppData\Roaming\.minecraft\libraries\net\minecraftforge\mclanguage\1.20.1-47.3.0\mclanguage-1.20.1-47.3.0.jar is missing mods.toml file
[20:12:38] [main/INFO]: Found mod file fmlcore-1.20.1-47.3.0.jar of type LIBRARY with provider net.minecraftforge.fml.loading.moddiscovery.MinecraftLocator@3d49fd31
[20:12:38] [main/INFO]: Found mod file javafmllanguage-1.20.1-47.3.0.jar of type LANGPROVIDER with provider net.minecraftforge.fml.loading.moddiscovery.MinecraftLocator@3d49fd31
[20:12:38] [main/INFO]: Found mod file lowcodelanguage-1.20.1-47.3.0.jar of type LANGPROVIDER with provider net.minecraftforge.fml.loading.moddiscovery.MinecraftLocator@3d49fd31
[20:12:38] [main/INFO]: Found mod file mclanguage-1.20.1-47.3.0.jar of type LANGPROVIDER with provider net.minecraftforge.fml.loading.moddiscovery.MinecraftLocator@3d49fd31
[20:12:38] [main/INFO]: Found mod file client-1.20.1-20230612.114412-srg.jar of type MOD with provider net.minecraftforge.fml.loading.moddiscovery.MinecraftLocator@3d49fd31
[20:12:38] [main/INFO]: Found mod file forge-1.20.1-47.3.0-universal.jar of type MOD with provider net.minecraftforge.fml.loading.moddiscovery.MinecraftLocator@3d49fd31
[20:12:39] [main/WARN]: Attempted to select two dependency jars from JarJar which have the same identification: Mod File:  and Mod File: . Using Mod File: 
[20:12:39] [main/WARN]: Attempted to select a dependency jar for JarJar which was passed in as source: resourcefullib. Using Mod File: C:\Users\Carli\AppData\Roaming\.minecraft\versions\modpack\mods\resourcefullib-forge-1.20.1-2.1.25.jar
[20:12:39] [main/WARN]: Attempted to select a dependency jar for JarJar which was passed in as source: expandability. Using Mod File: C:\Users\Carli\AppData\Roaming\.minecraft\versions\modpack\mods\expandability-9.0.4.jar
[20:12:39] [main/INFO]: Found 58 dependencies adding them to mods collection
[20:12:39] [main/INFO]: Found mod file jackson-dataformat-toml-2.15.2.jar of type LIBRARY with provider net.minecraftforge.fml.loading.moddiscovery.JarInJarDependencyLocator@20a7953c
[20:12:39] [main/INFO]: Found mod file MixinExtras-0.3.6.jar of type GAMELIBRARY with provider net.minecraftforge.fml.loading.moddiscovery.JarInJarDependencyLocator@20a7953c
[20:12:39] [main/INFO]: Found mod file BiggerStacksTransformerLib-1.4.jar of type GAMELIBRARY with provider net.minecraftforge.fml.loading.moddiscovery.JarInJarDependencyLocator@20a7953c
[20:12:39] [main/INFO]: Found mod file caffeine-3.1.8.jar of type GAMELIBRARY with provider net.minecraftforge.fml.loading.moddiscovery.JarInJarDependencyLocator@20a7953c
[20:12:39] [main/INFO]: Found mod file l2tabs-0.3.1.jar of type MOD with provider net.minecraftforge.fml.loading.moddiscovery.JarInJarDependencyLocator@20a7953c
[20:12:39] [main/INFO]: Found mod file groovy-macro-4.0.13.jar of type LIBRARY with provider net.minecraftforge.fml.loading.moddiscovery.JarInJarDependencyLocator@20a7953c
[20:12:39] [main/INFO]: Found mod file xstream-1.4.20.jar of type GAMELIBRARY with provider net.minecraftforge.fml.loading.moddiscovery.JarInJarDependencyLocator@20a7953c
[20:12:39] [main/INFO]: Found mod file BiggerStacksConfigLib-1.8.jar of type GAMELIBRARY with provider net.minecraftforge.fml.loading.moddiscovery.JarInJarDependencyLocator@20a7953c
[20:12:39] [main/INFO]: Found mod file mclib-20.jar of type GAMELIBRARY with provider net.minecraftforge.fml.loading.moddiscovery.JarInJarDependencyLocator@20a7953c
[20:12:39] [main/INFO]: Found mod file jackson-core-2.15.2.jar of type LIBRARY with provider net.minecraftforge.fml.loading.moddiscovery.JarInJarDependencyLocator@20a7953c
[20:12:39] [main/INFO]: Found mod file groovy-templates-4.0.13.jar of type LIBRARY with provider net.minecraftforge.fml.loading.moddiscovery.JarInJarDependencyLocator@20a7953c
[20:12:39] [main/INFO]: Found mod file groovy-fat-4.0.9.jar of type LANGPROVIDER with provider net.minecraftforge.fml.loading.moddiscovery.JarInJarDependencyLocator@20a7953c
[20:12:39] [main/INFO]: Found mod file groovy-4.0.13.jar of type LIBRARY with provider net.minecraftforge.fml.loading.moddiscovery.JarInJarDependencyLocator@20a7953c
[20:12:39] [main/INFO]: Found mod file groovy-nio-4.0.13.jar of type LIBRARY with provider net.minecraftforge.fml.loading.moddiscovery.JarInJarDependencyLocator@20a7953c
[20:12:39] [main/INFO]: Found mod file groovy-dateutil-4.0.13.jar of type LIBRARY with provider net.minecraftforge.fml.loading.moddiscovery.JarInJarDependencyLocator@20a7953c
[20:12:39] [main/INFO]: Found mod file groovy-xml-4.0.13.jar of type LIBRARY with provider net.minecraftforge.fml.loading.moddiscovery.JarInJarDependencyLocator@20a7953c
[20:12:39] [main/INFO]: Found mod file MixinSquared-0.1.1.jar of type GAMELIBRARY with provider net.minecraftforge.fml.loading.moddiscovery.JarInJarDependencyLocator@20a7953c
[20:12:39] [main/INFO]: Found mod file groovy-toml-4.0.13.jar of type LIBRARY with provider net.minecraftforge.fml.loading.moddiscovery.JarInJarDependencyLocator@20a7953c
[20:12:39] [main/INFO]: Found mod file l2screentracker-0.1.4.jar of type MOD with provider net.minecraftforge.fml.loading.moddiscovery.JarInJarDependencyLocator@20a7953c
[20:12:39] [main/INFO]: Found mod file mixinextras-forge-0.3.6.jar of type GAMELIBRARY with provider net.minecraftforge.fml.loading.moddiscovery.JarInJarDependencyLocator@20a7953c
[20:12:39] [main/INFO]: Found mod file jackson-databind-2.15.2.jar of type LIBRARY with provider net.minecraftforge.fml.loading.moddiscovery.JarInJarDependencyLocator@20a7953c
[20:12:39] [main/INFO]: Found mod file jankson-1.2.3.jar of type GAMELIBRARY with provider net.minecraftforge.fml.loading.moddiscovery.JarInJarDependencyLocator@20a7953c
[20:12:39] [main/INFO]: Found mod file groovy-ginq-4.0.13.jar of type LIBRARY with provider net.minecraftforge.fml.loading.moddiscovery.JarInJarDependencyLocator@20a7953c
[20:12:39] [main/INFO]: Found mod file animated-gif-lib-for-java-animated-gif-lib-1.7.jar of type GAMELIBRARY with provider net.minecraftforge.fml.loading.moddiscovery.JarInJarDependencyLocator@20a7953c
[20:12:39] [main/INFO]: Found mod file kfflang-4.10.0.jar of type LANGPROVIDER with provider net.minecraftforge.fml.loading.moddiscovery.JarInJarDependencyLocator@20a7953c
[20:12:39] [main/INFO]: Found mod file puzzlesaccessapi-forge-8.0.7.jar of type MOD with provider net.minecraftforge.fml.loading.moddiscovery.JarInJarDependencyLocator@20a7953c
[20:12:39] [main/INFO]: Found mod file l2damagetracker-0.3.8.jar of type MOD with provider net.minecraftforge.fml.loading.moddiscovery.JarInJarDependencyLocator@20a7953c
[20:12:39] [main/INFO]: Found mod file groovy-datetime-4.0.13.jar of type LIBRARY with provider net.minecraftforge.fml.loading.moddiscovery.JarInJarDependencyLocator@20a7953c
[20:12:39] [main/INFO]: Found mod file jctools-core-4.0.1.jar of type GAMELIBRARY with provider net.minecraftforge.fml.loading.moddiscovery.JarInJarDependencyLocator@20a7953c
[20:12:39] [main/INFO]: Found mod file json-path-2.9.0.jar of type GAMELIBRARY with provider net.minecraftforge.fml.loading.moddiscovery.JarInJarDependencyLocator@20a7953c
[20:12:39] [main/INFO]: Found mod file groovy-json-4.0.13.jar of type LIBRARY with provider net.minecraftforge.fml.loading.moddiscovery.JarInJarDependencyLocator@20a7953c
[20:12:39] [main/INFO]: Found mod file srgutils-0.5.4.jar of type LIBRARY with provider net.minecraftforge.fml.loading.moddiscovery.JarInJarDependencyLocator@20a7953c
[20:12:39] [main/INFO]: Found mod file mod-4.0.9.jar of type MOD with provider net.minecraftforge.fml.loading.moddiscovery.JarInJarDependencyLocator@20a7953c
[20:12:39] [main/INFO]: Found mod file mixinsquared-forge-0.1.1.jar of type GAMELIBRARY with provider net.minecraftforge.fml.loading.moddiscovery.JarInJarDependencyLocator@20a7953c
[20:12:39] [main/INFO]: Found mod file LambdaEvents-2.4.2.jar of type GAMELIBRARY with provider net.minecraftforge.fml.loading.moddiscovery.JarInJarDependencyLocator@20a7953c
[20:12:39] [main/INFO]: Found mod file Registrate-MC1.20-1.3.11.jar of type GAMELIBRARY with provider net.minecraftforge.fml.loading.moddiscovery.JarInJarDependencyLocator@20a7953c
[20:12:39] [main/INFO]: Found mod file spectrelib-forge-0.13.15+1.20.1.jar of type MOD with provider net.minecraftforge.fml.loading.moddiscovery.JarInJarDependencyLocator@20a7953c
[20:12:39] [main/INFO]: Found mod file httpmime-4.5.10.jar of type GAMELIBRARY with provider net.minecraftforge.fml.loading.moddiscovery.JarInJarDependencyLocator@20a7953c
[20:12:39] [main/INFO]: Found mod file jackson-annotations-2.15.2.jar of type LIBRARY with provider net.minecraftforge.fml.loading.moddiscovery.JarInJarDependencyLocator@20a7953c
[20:12:39] [main/INFO]: Found mod file script-mods-4.0.9-all.jar of type LIBRARY with provider net.minecraftforge.fml.loading.moddiscovery.JarInJarDependencyLocator@20a7953c
[20:12:39] [main/INFO]: Found mod file kffmod-4.10.0.jar of type MOD with provider net.minecraftforge.fml.loading.moddiscovery.JarInJarDependencyLocator@20a7953c
[20:12:39] [main/INFO]: Found mod file flywheel-forge-1.20.1-0.6.10-7.jar of type MOD with provider net.minecraftforge.fml.loading.moddiscovery.JarInJarDependencyLocator@20a7953c
[20:12:39] [main/INFO]: Found mod file bytecodecs-1.0.2.jar of type GAMELIBRARY with provider net.minecraftforge.fml.loading.moddiscovery.JarInJarDependencyLocator@20a7953c
[20:12:39] [main/INFO]: Found mod file groovy-typecheckers-4.0.13.jar of type LIBRARY with provider net.minecraftforge.fml.loading.moddiscovery.JarInJarDependencyLocator@20a7953c
[20:12:39] [main/INFO]: Found mod file cgl-1.20-forge-0.3.3.jar of type MOD with provider net.minecraftforge.fml.loading.moddiscovery.JarInJarDependencyLocator@20a7953c
[20:12:39] [main/INFO]: Found mod file jcpp-1.4.14.jar of type GAMELIBRARY with provider net.minecraftforge.fml.loading.moddiscovery.JarInJarDependencyLocator@20a7953c
[20:12:39] [main/INFO]: Found mod file MinecraftForgeAPI-1.20.1-1.0.0.jar of type GAMELIBRARY with provider net.minecraftforge.fml.loading.moddiscovery.JarInJarDependencyLocator@20a7953c
[20:12:39] [main/INFO]: Found mod file groovy-macro-library-4.0.13.jar of type LIBRARY with provider net.minecraftforge.fml.loading.moddiscovery.JarInJarDependencyLocator@20a7953c
[20:12:39] [main/INFO]: Found mod file yabn-1.0.3.jar of type GAMELIBRARY with provider net.minecraftforge.fml.loading.moddiscovery.JarInJarDependencyLocator@20a7953c
[20:12:39] [main/INFO]: Found mod file conditional-mixin-forge-0.6.2.jar of type MOD with provider net.minecraftforge.fml.loading.moddiscovery.JarInJarDependencyLocator@20a7953c
[20:12:39] [main/INFO]: Found mod file l2itemselector-0.1.7.jar of type MOD with provider net.minecraftforge.fml.loading.moddiscovery.JarInJarDependencyLocator@20a7953c
[20:12:39] [main/INFO]: Found mod file l2serial-1.2.2.jar of type GAMELIBRARY with provider net.minecraftforge.fml.loading.moddiscovery.JarInJarDependencyLocator@20a7953c
[20:12:39] [main/INFO]: Found mod file groovy-contracts-4.0.13.jar of type LIBRARY with provider net.minecraftforge.fml.loading.moddiscovery.JarInJarDependencyLocator@20a7953c
[20:12:39] [main/INFO]: Found mod file l2library-2.4.23-slim.jar of type MOD with provider net.minecraftforge.fml.loading.moddiscovery.JarInJarDependencyLocator@20a7953c
[20:12:39] [main/INFO]: Found mod file exp4j-0.4.8.jar of type GAMELIBRARY with provider net.minecraftforge.fml.loading.moddiscovery.JarInJarDependencyLocator@20a7953c
[20:12:39] [main/INFO]: Found mod file kfflib-4.10.0.jar of type GAMELIBRARY with provider net.minecraftforge.fml.loading.moddiscovery.JarInJarDependencyLocator@20a7953c
[20:12:39] [main/INFO]: Found mod file japng-0.5.3.jar of type GAMELIBRARY with provider net.minecraftforge.fml.loading.moddiscovery.JarInJarDependencyLocator@20a7953c
[20:12:39] [main/INFO]: Found mod file SimpleLoggerWrapper-1.0.jar of type GAMELIBRARY with provider net.minecraftforge.fml.loading.moddiscovery.JarInJarDependencyLocator@20a7953c
[20:12:40] [main/INFO]: Starting runtime mappings setup...
[20:12:40] [main/INFO]: Injecting ScriptModLocator candidates...
[20:12:40] [main/INFO]: Injected Jimfs file system
[20:12:40] [main/INFO]: Skipped loading script mods from directory C:\Users\Carli\AppData\Roaming\.minecraft\versions\modpack\mods\scripts as it did not exist.
[20:12:40] [main/INFO]: Injected ScriptModLocator mod candidates. Found 0 valid mod candidates and 0 broken mod files.
[20:12:40] [main/ERROR]: Missing or unsupported mandatory dependencies:
	Mod ID: 'textrues_embeddium_options', Requested by: 'embeddiumextras', Expected range: '*', Actual version: '[MISSING]'
